[2023-10-27 14:15:55] local.ERROR: include(C:\xampp\htdocs\projekattend\vendor\composer/../laravel/framework/src/Illuminate/Contracts/Console/Application.php): Failed to open stream: No such file or directory {"exception":"[object] (ErrorException(code: 0): include(C:\\xampp\\htdocs\\projekattend\\vendor\\composer/../laravel/framework/src/Illuminate/Contracts/Console/Application.php): Failed to open stream: No such file or directory at C:\\xampp\\htdocs\\projekattend\\vendor\\composer\\ClassLoader.php:578)
[stacktrace]
#0 C:\\xampp\\htdocs\\projekattend\\vendor\\composer\\ClassLoader.php(578): Illuminate\\Foundation\\Bootstrap\\HandleExceptions->handleError(2, 'include(C:\\\\xamp...', 'C:\\\\xampp\\\\htdocs...', 578)
#1 C:\\xampp\\htdocs\\projekattend\\vendor\\composer\\ClassLoader.php(578): include()
#2 C:\\xampp\\htdocs\\projekattend\\vendor\\composer\\ClassLoader.php(432): Composer\\Autoload\\ClassLoader::Composer\\Autoload\\{closure}('C:\\\\xampp\\\\htdocs...')
#3 C:\\xampp\\htdocs\\projekattend\\vendor\\laravel\\framework\\src\\Illuminate\\Console\\Application.php(25): Composer\\Autoload\\ClassLoader->loadClass('Illuminate\\\\Cont...')
#4 C:\\xampp\\htdocs\\projekattend\\vendor\\composer\\ClassLoader.php(578): include('C:\\\\xampp\\\\htdocs...')
#5 C:\\xampp\\htdocs\\projekattend\\vendor\\composer\\ClassLoader.php(432): Composer\\Autoload\\ClassLoader::Composer\\Autoload\\{closure}('C:\\\\xampp\\\\htdocs...')
#6 C:\\xampp\\htdocs\\projekattend\\vendor\\laravel\\framework\\src\\Illuminate\\Support\\ServiceProvider.php(403): Composer\\Autoload\\ClassLoader->loadClass('Illuminate\\\\Cons...')
#7 C:\\xampp\\htdocs\\projekattend\\vendor\\laravel\\sanctum\\src\\SanctumServiceProvider.php(54): Illuminate\\Support\\ServiceProvider->commands(Array)
#8 C:\\xampp\\htdocs\\projekattend\\vendor\\laravel\\framework\\src\\Illuminate\\Container\\BoundMethod.php(36): Laravel\\Sanctum\\SanctumServiceProvider->boot()
#9 C:\\xampp\\htdocs\\projekattend\\vendor\\laravel\\framework\\src\\Illuminate\\Container\\Util.php(40): Illuminate\\Container\\BoundMethod::Illuminate\\Container\\{closure}()
#10 C:\\xampp\\htdocs\\projekattend\\vendor\\laravel\\framework\\src\\Illuminate\\Container\\BoundMethod.php(93): Illuminate\\Container\\Util::unwrapIfClosure(Object(Closure))
#11 C:\\xampp\\htdocs\\projekattend\\vendor\\laravel\\framework\\src\\Illuminate\\Container\\BoundMethod.php(37): Illuminate\\Container\\BoundMethod::callBoundMethod(Object(Illuminate\\Foundation\\Application), Array, Object(Closure))
#12 C:\\xampp\\htdocs\\projekattend\\vendor\\laravel\\framework\\src\\Illuminate\\Container\\Container.php(653): Illuminate\\Container\\BoundMethod::call(Object(Illuminate\\Foundation\\Application), Array, Array, NULL)
#13 C:\\xampp\\htdocs\\projekattend\\vendor\\laravel\\framework\\src\\Illuminate\\Foundation\\Application.php(924): Illuminate\\Container\\Container->call(Array)
#14 C:\\xampp\\htdocs\\projekattend\\vendor\\laravel\\framework\\src\\Illuminate\\Foundation\\Application.php(905): Illuminate\\Foundation\\Application->bootProvider(Object(Laravel\\Sanctum\\SanctumServiceProvider))
#15 [internal function]: Illuminate\\Foundation\\Application->Illuminate\\Foundation\\{closure}(Object(Laravel\\Sanctum\\SanctumServiceProvider), 18)
#16 C:\\xampp\\htdocs\\projekattend\\vendor\\laravel\\framework\\src\\Illuminate\\Foundation\\Application.php(906): array_walk(Array, Object(Closure))
#17 C:\\xampp\\htdocs\\projekattend\\vendor\\laravel\\framework\\src\\Illuminate\\Foundation\\Bootstrap\\BootProviders.php(17): Illuminate\\Foundation\\Application->boot()
#18 C:\\xampp\\htdocs\\projekattend\\vendor\\laravel\\framework\\src\\Illuminate\\Foundation\\Application.php(237): Illuminate\\Foundation\\Bootstrap\\BootProviders->bootstrap(Object(Illuminate\\Foundation\\Application))
#19 C:\\xampp\\htdocs\\projekattend\\vendor\\laravel\\framework\\src\\Illuminate\\Foundation\\Console\\Kernel.php(310): Illuminate\\Foundation\\Application->bootstrapWith(Array)
#20 C:\\xampp\\htdocs\\projekattend\\vendor\\laravel\\framework\\src\\Illuminate\\Foundation\\Console\\Kernel.php(127): Illuminate\\Foundation\\Console\\Kernel->bootstrap()
#21 C:\\xampp\\htdocs\\projekattend\\artisan(37): Illuminate\\Foundation\\Console\\Kernel->handle(Object(Symfony\\Component\\Console\\Input\\ArgvInput), Object(Symfony\\Component\\Console\\Output\\ConsoleOutput))
#22 {main}
"} 
[2023-10-27 14:19:01] local.ERROR: include(C:\xampp\htdocs\projekattend\vendor\composer/../laravel/framework/src/Illuminate/Contracts/Console/Application.php): Failed to open stream: No such file or directory {"exception":"[object] (ErrorException(code: 0): include(C:\\xampp\\htdocs\\projekattend\\vendor\\composer/../laravel/framework/src/Illuminate/Contracts/Console/Application.php): Failed to open stream: No such file or directory at C:\\xampp\\htdocs\\projekattend\\vendor\\composer\\ClassLoader.php:578)
[stacktrace]
#0 C:\\xampp\\htdocs\\projekattend\\vendor\\composer\\ClassLoader.php(578): Illuminate\\Foundation\\Bootstrap\\HandleExceptions->handleError(2, 'include(C:\\\\xamp...', 'C:\\\\xampp\\\\htdocs...', 578)
#1 C:\\xampp\\htdocs\\projekattend\\vendor\\composer\\ClassLoader.php(578): include()
#2 C:\\xampp\\htdocs\\projekattend\\vendor\\composer\\ClassLoader.php(432): Composer\\Autoload\\ClassLoader::Composer\\Autoload\\{closure}('C:\\\\xampp\\\\htdocs...')
#3 C:\\xampp\\htdocs\\projekattend\\vendor\\laravel\\framework\\src\\Illuminate\\Console\\Application.php(25): Composer\\Autoload\\ClassLoader->loadClass('Illuminate\\\\Cont...')
#4 C:\\xampp\\htdocs\\projekattend\\vendor\\composer\\ClassLoader.php(578): include('C:\\\\xampp\\\\htdocs...')
#5 C:\\xampp\\htdocs\\projekattend\\vendor\\composer\\ClassLoader.php(432): Composer\\Autoload\\ClassLoader::Composer\\Autoload\\{closure}('C:\\\\xampp\\\\htdocs...')
#6 C:\\xampp\\htdocs\\projekattend\\vendor\\laravel\\framework\\src\\Illuminate\\Support\\ServiceProvider.php(403): Composer\\Autoload\\ClassLoader->loadClass('Illuminate\\\\Cons...')
#7 C:\\xampp\\htdocs\\projekattend\\vendor\\laravel\\sanctum\\src\\SanctumServiceProvider.php(54): Illuminate\\Support\\ServiceProvider->commands(Array)
#8 C:\\xampp\\htdocs\\projekattend\\vendor\\laravel\\framework\\src\\Illuminate\\Container\\BoundMethod.php(36): Laravel\\Sanctum\\SanctumServiceProvider->boot()
#9 C:\\xampp\\htdocs\\projekattend\\vendor\\laravel\\framework\\src\\Illuminate\\Container\\Util.php(40): Illuminate\\Container\\BoundMethod::Illuminate\\Container\\{closure}()
#10 C:\\xampp\\htdocs\\projekattend\\vendor\\laravel\\framework\\src\\Illuminate\\Container\\BoundMethod.php(93): Illuminate\\Container\\Util::unwrapIfClosure(Object(Closure))
#11 C:\\xampp\\htdocs\\projekattend\\vendor\\laravel\\framework\\src\\Illuminate\\Container\\BoundMethod.php(37): Illuminate\\Container\\BoundMethod::callBoundMethod(Object(Illuminate\\Foundation\\Application), Array, Object(Closure))
#12 C:\\xampp\\htdocs\\projekattend\\vendor\\laravel\\framework\\src\\Illuminate\\Container\\Container.php(653): Illuminate\\Container\\BoundMethod::call(Object(Illuminate\\Foundation\\Application), Array, Array, NULL)
#13 C:\\xampp\\htdocs\\projekattend\\vendor\\laravel\\framework\\src\\Illuminate\\Foundation\\Application.php(924): Illuminate\\Container\\Container->call(Array)
#14 C:\\xampp\\htdocs\\projekattend\\vendor\\laravel\\framework\\src\\Illuminate\\Foundation\\Application.php(905): Illuminate\\Foundation\\Application->bootProvider(Object(Laravel\\Sanctum\\SanctumServiceProvider))
#15 [internal function]: Illuminate\\Foundation\\Application->Illuminate\\Foundation\\{closure}(Object(Laravel\\Sanctum\\SanctumServiceProvider), 18)
#16 C:\\xampp\\htdocs\\projekattend\\vendor\\laravel\\framework\\src\\Illuminate\\Foundation\\Application.php(906): array_walk(Array, Object(Closure))
#17 C:\\xampp\\htdocs\\projekattend\\vendor\\laravel\\framework\\src\\Illuminate\\Foundation\\Bootstrap\\BootProviders.php(17): Illuminate\\Foundation\\Application->boot()
#18 C:\\xampp\\htdocs\\projekattend\\vendor\\laravel\\framework\\src\\Illuminate\\Foundation\\Application.php(237): Illuminate\\Foundation\\Bootstrap\\BootProviders->bootstrap(Object(Illuminate\\Foundation\\Application))
#19 C:\\xampp\\htdocs\\projekattend\\vendor\\laravel\\framework\\src\\Illuminate\\Foundation\\Console\\Kernel.php(310): Illuminate\\Foundation\\Application->bootstrapWith(Array)
#20 C:\\xampp\\htdocs\\projekattend\\vendor\\laravel\\framework\\src\\Illuminate\\Foundation\\Console\\Kernel.php(127): Illuminate\\Foundation\\Console\\Kernel->bootstrap()
#21 C:\\xampp\\htdocs\\projekattend\\artisan(37): Illuminate\\Foundation\\Console\\Kernel->handle(Object(Symfony\\Component\\Console\\Input\\ArgvInput), Object(Symfony\\Component\\Console\\Output\\ConsoleOutput))
#22 {main}
"} 
[2023-10-27 14:43:02] local.ERROR: Interface "Illuminate\Contracts\Console\Application" not found {"exception":"[object] (Error(code: 0): Interface \"Illuminate\\Contracts\\Console\\Application\" not found at C:\\xampp\\htdocs\\projekattend\\vendor\\laravel\\framework\\src\\Illuminate\\Console\\Application.php:25)
[stacktrace]
#0 C:\\xampp\\htdocs\\projekattend\\vendor\\composer\\ClassLoader.php(576): include()
#1 C:\\xampp\\htdocs\\projekattend\\vendor\\composer\\ClassLoader.php(427): Composer\\Autoload\\{closure}('C:\\\\xampp\\\\htdocs...')
#2 C:\\xampp\\htdocs\\projekattend\\vendor\\laravel\\framework\\src\\Illuminate\\Support\\ServiceProvider.php(403): Composer\\Autoload\\ClassLoader->loadClass('Illuminate\\\\Cons...')
#3 C:\\xampp\\htdocs\\projekattend\\vendor\\laravel\\sanctum\\src\\SanctumServiceProvider.php(54): Illuminate\\Support\\ServiceProvider->commands(Array)
#4 C:\\xampp\\htdocs\\projekattend\\vendor\\laravel\\framework\\src\\Illuminate\\Container\\BoundMethod.php(36): Laravel\\Sanctum\\SanctumServiceProvider->boot()
#5 C:\\xampp\\htdocs\\projekattend\\vendor\\laravel\\framework\\src\\Illuminate\\Container\\Util.php(40): Illuminate\\Container\\BoundMethod::Illuminate\\Container\\{closure}()
#6 C:\\xampp\\htdocs\\projekattend\\vendor\\laravel\\framework\\src\\Illuminate\\Container\\BoundMethod.php(93): Illuminate\\Container\\Util::unwrapIfClosure(Object(Closure))
#7 C:\\xampp\\htdocs\\projekattend\\vendor\\laravel\\framework\\src\\Illuminate\\Container\\BoundMethod.php(37): Illuminate\\Container\\BoundMethod::callBoundMethod(Object(Illuminate\\Foundation\\Application), Array, Object(Closure))
#8 C:\\xampp\\htdocs\\projekattend\\vendor\\laravel\\framework\\src\\Illuminate\\Container\\Container.php(653): Illuminate\\Container\\BoundMethod::call(Object(Illuminate\\Foundation\\Application), Array, Array, NULL)
#9 C:\\xampp\\htdocs\\projekattend\\vendor\\laravel\\framework\\src\\Illuminate\\Foundation\\Application.php(924): Illuminate\\Container\\Container->call(Array)
#10 C:\\xampp\\htdocs\\projekattend\\vendor\\laravel\\framework\\src\\Illuminate\\Foundation\\Application.php(905): Illuminate\\Foundation\\Application->bootProvider(Object(Laravel\\Sanctum\\SanctumServiceProvider))
#11 [internal function]: Illuminate\\Foundation\\Application->Illuminate\\Foundation\\{closure}(Object(Laravel\\Sanctum\\SanctumServiceProvider), 18)
#12 C:\\xampp\\htdocs\\projekattend\\vendor\\laravel\\framework\\src\\Illuminate\\Foundation\\Application.php(906): array_walk(Array, Object(Closure))
#13 C:\\xampp\\htdocs\\projekattend\\vendor\\laravel\\framework\\src\\Illuminate\\Foundation\\Bootstrap\\BootProviders.php(17): Illuminate\\Foundation\\Application->boot()
#14 C:\\xampp\\htdocs\\projekattend\\vendor\\laravel\\framework\\src\\Illuminate\\Foundation\\Application.php(237): Illuminate\\Foundation\\Bootstrap\\BootProviders->bootstrap(Object(Illuminate\\Foundation\\Application))
#15 C:\\xampp\\htdocs\\projekattend\\vendor\\laravel\\framework\\src\\Illuminate\\Foundation\\Console\\Kernel.php(310): Illuminate\\Foundation\\Application->bootstrapWith(Array)
#16 C:\\xampp\\htdocs\\projekattend\\vendor\\laravel\\framework\\src\\Illuminate\\Foundation\\Console\\Kernel.php(127): Illuminate\\Foundation\\Console\\Kernel->bootstrap()
#17 C:\\xampp\\htdocs\\projekattend\\artisan(37): Illuminate\\Foundation\\Console\\Kernel->handle(Object(Symfony\\Component\\Console\\Input\\ArgvInput), Object(Symfony\\Component\\Console\\Output\\ConsoleOutput))
#18 {main}
"} 
